<?xml version="1.0" encoding="UTF-8"?>
<testng-results ignored="0" total="1" passed="1" failed="0" skipped="0">
  <reporter-output>
  </reporter-output>
  <suite started-at="2023-07-21T20:49:59Z" name="Default suite" finished-at="2023-07-21T20:50:01Z" duration-ms="1635">
    <groups>
    </groups>
    <test started-at="2023-07-21T20:49:59Z" name="Default test" finished-at="2023-07-21T20:50:01Z" duration-ms="1635">
      <class name="Phase3Project.EmployeeEndToEndTest">
        <test-method signature="testEndToEnd()[pri:0, instance:Phase3Project.EmployeeEndToEndTest@68dc098b]" started-at="2023-07-21T20:49:59Z" name="testEndToEnd" finished-at="2023-07-21T20:50:01Z" duration-ms="1622" status="PASS">
          <reporter-output>
          </reporter-output>
        </test-method> <!-- testEndToEnd -->
      </class> <!-- Phase3Project.EmployeeEndToEndTest -->
    </test> <!-- Default test -->
  </suite> <!-- Default suite -->
</testng-results>
